MapHistory/app/build/intermediates/manifest_merge_blame_file/debug/manifest-merger-blame-debug-report.txt
1<?xml version="1.0" encoding="utf-8"?>
2<manifest xmlns:android="http://schemas.android.com/apk/res/android"
3    package="com.example.maphistory"
4    android:versionCode="1"
5    android:versionName="1.0" >
6
7    <uses-sdk
8        android:minSdkVersion="21"
8-->src/main/AndroidManifest.xml
9        android:targetSdkVersion="32" />
9-->src/main/AndroidManifest.xml
10
11    <uses-permission android:name="android.permission.ACCESS_COARSE_LOCATION" />
11-->src/main/AndroidManifest.xml:7:5-81
11-->src/main/AndroidManifest.xml:7:22-78
12    <uses-permission android:name="android.permission.WRITE_EXTERNAL_STORAGE" />
12-->src/main/AndroidManifest.xml:8:5-80
12-->src/main/AndroidManifest.xml:8:22-78
13    <uses-permission android:name="android.permission.READ_EXTERNAL_STORAGE" />
13-->src/main/AndroidManifest.xml:9:5-79
13-->src/main/AndroidManifest.xml:9:22-77
14
15    <uses-feature
15-->src/main/AndroidManifest.xml:10:5-11:35
16        android:name="android.hardware.camera"
16-->src/main/AndroidManifest.xml:10:19-57
17        android:required="true" />
17-->src/main/AndroidManifest.xml:11:9-32
18
19    <uses-permission android:name="android.permission.ACCESS_COARSE_LOCATION" />
19-->src/main/AndroidManifest.xml:7:5-81
19-->src/main/AndroidManifest.xml:7:22-78
20    <uses-permission android:name="android.permission.ACCESS_FINE_LOCATION" />
20-->src/main/AndroidManifest.xml:13:5-15:31
20-->src/main/AndroidManifest.xml:14:9-63
21    <uses-permission android:name="android.permission.ACCESS_FINE_LOCATION" />
21-->src/main/AndroidManifest.xml:13:5-15:31
21-->src/main/AndroidManifest.xml:14:9-63
22    <uses-permission android:name="android.permission.ACCESS_WIFI_STATE" />
22-->[com.google.android.libraries.places:places:2.6.0] AndroidManifest.xml:10:5-76
22-->[com.google.android.libraries.places:places:2.6.0] AndroidManifest.xml:10:22-73
23    <uses-permission android:name="android.permission.INTERNET" /> <!-- Include required permissions for Google Maps API to run. -->
23-->[com.google.android.libraries.places:places:2.6.0] AndroidManifest.xml:11:5-67
23-->[com.google.android.libraries.places:places:2.6.0] AndroidManifest.xml:11:22-64
24    <uses-permission android:name="android.permission.ACCESS_NETWORK_STATE" />
24-->[com.google.android.gms:play-services-maps:18.0.2] AndroidManifest.xml:23:5-79
24-->[com.google.android.gms:play-services-maps:18.0.2] AndroidManifest.xml:23:22-76
25
26    <uses-feature
26-->[com.google.android.gms:play-services-maps:18.0.2] AndroidManifest.xml:26:5-28:35
27        android:glEsVersion="0x00020000"
27-->[com.google.android.gms:play-services-maps:18.0.2] AndroidManifest.xml:27:9-41
28        android:required="true" />
28-->[com.google.android.gms:play-services-maps:18.0.2] AndroidManifest.xml:28:9-32
29
30    <queries>
30-->[com.google.android.gms:play-services-maps:18.0.2] AndroidManifest.xml:30:5-34:15
31
32        <!-- Needs to be explicitly declared on Android R+ -->
33        <package android:name="com.google.android.apps.maps" />
33-->[com.google.android.gms:play-services-maps:18.0.2] AndroidManifest.xml:33:9-64
33-->[com.google.android.gms:play-services-maps:18.0.2] AndroidManifest.xml:33:18-61
34    </queries>
35
36    <application
36-->src/main/AndroidManifest.xml:19:5-61:19
37        android:allowBackup="true"
37-->src/main/AndroidManifest.xml:20:9-35
38        android:appComponentFactory="androidx.core.app.CoreComponentFactory"
38-->[androidx.core:core:1.7.0] AndroidManifest.xml:24:18-86
39        android:dataExtractionRules="@xml/data_extraction_rules"
39-->src/main/AndroidManifest.xml:21:9-65
40        android:debuggable="true"
41        android:fullBackupContent="@xml/backup_rules"
41-->src/main/AndroidManifest.xml:22:9-54
42        android:icon="@mipmap/ic_launcher"
42-->src/main/AndroidManifest.xml:23:9-43
43        android:label="@string/app_name"
43-->src/main/AndroidManifest.xml:24:9-41
44        android:roundIcon="@mipmap/ic_launcher_round"
44-->src/main/AndroidManifest.xml:25:9-54
45        android:supportsRtl="true"
45-->src/main/AndroidManifest.xml:26:9-35
46        android:testOnly="true"
47        android:theme="@style/Theme.MapHistory" >
47-->src/main/AndroidManifest.xml:27:9-48
48        <activity
48-->src/main/AndroidManifest.xml:29:9-32:40
49            android:name="com.example.maphistory.NewAndListActivity"
49-->src/main/AndroidManifest.xml:30:13-47
50            android:exported="false"
50-->src/main/AndroidManifest.xml:32:13-37
51            android:parentActivityName="com.example.maphistory.MainActivity" />
51-->src/main/AndroidManifest.xml:31:13-55
52
53        <meta-data
54            android:name="com.google.android.geo.API_KEY"
54-->src/main/AndroidManifest.xml:35:13-58
55            android:value="AIzaSyCrPIy2zb3bdpHLWW-TibslDNA2DZaBdBY" />
55-->src/main/AndroidManifest.xml:36:13-44
56
57        <provider
58            android:name="androidx.core.content.FileProvider"
58-->src/main/AndroidManifest.xml:39:13-62
59            android:authorities="com.example.maphistory"
59-->src/main/AndroidManifest.xml:40:13-51
60            android:exported="false"
60-->src/main/AndroidManifest.xml:41:13-37
61            android:grantUriPermissions="true" >
61-->src/main/AndroidManifest.xml:42:13-47
62            <meta-data
62-->src/main/AndroidManifest.xml:43:13-45:52
63                android:name="android.support.FILE_PROVIDER_PATHS"
63-->src/main/AndroidManifest.xml:44:17-67
64                android:resource="@xml/external" />
64-->src/main/AndroidManifest.xml:45:17-49
65        </provider>
66
67        <activity
67-->src/main/AndroidManifest.xml:48:9-56:20
68            android:name="com.example.maphistory.MainActivity"
68-->src/main/AndroidManifest.xml:49:13-41
69            android:exported="true" >
69-->src/main/AndroidManifest.xml:50:13-36
70            <intent-filter>
70-->src/main/AndroidManifest.xml:51:13-55:29
71                <action android:name="android.intent.action.MAIN" />
71-->src/main/AndroidManifest.xml:52:17-69
71-->src/main/AndroidManifest.xml:52:25-66
72
73                <category android:name="android.intent.category.LAUNCHER" />
73-->src/main/AndroidManifest.xml:54:17-77
73-->src/main/AndroidManifest.xml:54:27-74
74            </intent-filter>
75        </activity>
76        <activity android:name="com.example.maphistory.NewHistoryActivity" />
76-->src/main/AndroidManifest.xml:57:9-56
76-->src/main/AndroidManifest.xml:57:19-53
77        <activity android:name="com.example.maphistory.HistoryListActivity" />
77-->src/main/AndroidManifest.xml:58:9-57
77-->src/main/AndroidManifest.xml:58:19-54
78        <activity
78-->src/main/AndroidManifest.xml:59:9-60:64
79            android:name="com.example.maphistory.MapHistoryActivity"
79-->src/main/AndroidManifest.xml:59:19-53
80            android:parentActivityName="com.example.maphistory.MainActivity" />
80-->src/main/AndroidManifest.xml:60:19-61
81        <activity
81-->[com.google.android.libraries.places:places:2.6.0] AndroidManifest.xml:14:9-20:20
82            android:name="com.google.android.libraries.places.widget.AutocompleteActivity"
82-->[com.google.android.libraries.places:places:2.6.0] AndroidManifest.xml:15:13-91
83            android:exported="false"
83-->[com.google.android.libraries.places:places:2.6.0] AndroidManifest.xml:16:13-37
84            android:label="@string/places_autocomplete_label"
84-->[com.google.android.libraries.places:places:2.6.0] AndroidManifest.xml:17:13-62
85            android:theme="@style/PlacesAutocompleteOverlay"
85-->[com.google.android.libraries.places:places:2.6.0] AndroidManifest.xml:18:13-61
86            android:windowSoftInputMode="adjustResize" >
86-->[com.google.android.libraries.places:places:2.6.0] AndroidManifest.xml:19:13-55
87        </activity> <!-- Needs to be explicitly declared on P+ -->
88        <uses-library
88-->[com.google.android.gms:play-services-maps:18.0.2] AndroidManifest.xml:39:9-41:40
89            android:name="org.apache.http.legacy"
89-->[com.google.android.gms:play-services-maps:18.0.2] AndroidManifest.xml:40:13-50
90            android:required="false" />
90-->[com.google.android.gms:play-services-maps:18.0.2] AndroidManifest.xml:41:13-37
91
92        <activity
92-->[com.google.android.gms:play-services-base:18.0.1] AndroidManifest.xml:20:9-22:45
93            android:name="com.google.android.gms.common.api.GoogleApiActivity"
93-->[com.google.android.gms:play-services-base:18.0.1] AndroidManifest.xml:20:19-85
94            android:exported="false"
94-->[com.google.android.gms:play-services-base:18.0.1] AndroidManifest.xml:22:19-43
95            android:theme="@android:style/Theme.Translucent.NoTitleBar" />
95-->[com.google.android.gms:play-services-base:18.0.1] AndroidManifest.xml:21:19-78
96
97        <meta-data
97-->[com.google.android.gms:play-services-basement:18.0.0] AndroidManifest.xml:21:9-23:69
98            android:name="com.google.android.gms.version"
98-->[com.google.android.gms:play-services-basement:18.0.0] AndroidManifest.xml:22:13-58
99            android:value="@integer/google_play_services_version" />
99-->[com.google.android.gms:play-services-basement:18.0.0] AndroidManifest.xml:23:13-66
100
101        <provider
101-->[androidx.emoji2:emoji2:1.0.0] AndroidManifest.xml:26:9-34:20
102            android:name="androidx.startup.InitializationProvider"
102-->[androidx.emoji2:emoji2:1.0.0] AndroidManifest.xml:27:13-67
103            android:authorities="com.example.maphistory.androidx-startup"
103-->[androidx.emoji2:emoji2:1.0.0] AndroidManifest.xml:28:13-68
104            android:exported="false" >
104-->[androidx.emoji2:emoji2:1.0.0] AndroidManifest.xml:29:13-37
105            <meta-data
105-->[androidx.emoji2:emoji2:1.0.0] AndroidManifest.xml:31:13-33:52
106                android:name="androidx.emoji2.text.EmojiCompatInitializer"
106-->[androidx.emoji2:emoji2:1.0.0] AndroidManifest.xml:32:17-75
107                android:value="androidx.startup" />
107-->[androidx.emoji2:emoji2:1.0.0] AndroidManifest.xml:33:17-49
108            <meta-data
108-->[androidx.lifecycle:lifecycle-process:2.4.0] AndroidManifest.xml:31:13-33:52
109                android:name="androidx.lifecycle.ProcessLifecycleInitializer"
109-->[androidx.lifecycle:lifecycle-process:2.4.0] AndroidManifest.xml:32:17-78
110                android:value="androidx.startup" />
110-->[androidx.lifecycle:lifecycle-process:2.4.0] AndroidManifest.xml:33:17-49
111        </provider>
112
113        <service
113-->[com.google.android.datatransport:transport-backend-cct:2.3.0] AndroidManifest.xml:29:9-35:19
114            android:name="com.google.android.datatransport.runtime.backends.TransportBackendDiscovery"
114-->[com.google.android.datatransport:transport-backend-cct:2.3.0] AndroidManifest.xml:30:13-103
115            android:exported="false" >
115-->[com.google.android.datatransport:transport-backend-cct:2.3.0] AndroidManifest.xml:31:13-37
116            <meta-data
116-->[com.google.android.datatransport:transport-backend-cct:2.3.0] AndroidManifest.xml:32:13-34:39
117                android:name="backend:com.google.android.datatransport.cct.CctBackendFactory"
117-->[com.google.android.datatransport:transport-backend-cct:2.3.0] AndroidManifest.xml:33:17-94
118                android:value="cct" />
118-->[com.google.android.datatransport:transport-backend-cct:2.3.0] AndroidManifest.xml:34:17-36
119        </service>
120        <service
120-->[com.google.android.datatransport:transport-runtime:2.2.3] AndroidManifest.xml:26:9-30:19
121            android:name="com.google.android.datatransport.runtime.scheduling.jobscheduling.JobInfoSchedulerService"
121-->[com.google.android.datatransport:transport-runtime:2.2.3] AndroidManifest.xml:27:13-117
122            android:exported="false"
122-->[com.google.android.datatransport:transport-runtime:2.2.3] AndroidManifest.xml:28:13-37
123            android:permission="android.permission.BIND_JOB_SERVICE" >
123-->[com.google.android.datatransport:transport-runtime:2.2.3] AndroidManifest.xml:29:13-69
124        </service>
125
126        <receiver
126-->[com.google.android.datatransport:transport-runtime:2.2.3] AndroidManifest.xml:32:9-34:40
127            android:name="com.google.android.datatransport.runtime.scheduling.jobscheduling.AlarmManagerSchedulerBroadcastReceiver"
127-->[com.google.android.datatransport:transport-runtime:2.2.3] AndroidManifest.xml:33:13-132
128            android:exported="false" />
128-->[com.google.android.datatransport:transport-runtime:2.2.3] AndroidManifest.xml:34:13-37
129    </application>
130
131</manifest>